<?xml version="1.0" encoding="UTF-8"?>
<testng-results ignored="0" total="1" passed="1" failed="0" skipped="0">
  <reporter-output>
  </reporter-output>
  <suite started-at="2024-09-04T15:37:23 IST" name="Suite" finished-at="2024-09-04T15:37:44 IST" duration-ms="20683">
    <groups>
    </groups>
    <test started-at="2024-09-04T15:37:23 IST" name="Test" finished-at="2024-09-04T15:37:44 IST" duration-ms="20683">
      <class name="mainPage.Endtoend">
        <test-method signature="maindata()[pri:0, instance:mainPage.Endtoend@306e95ec]" started-at="2024-09-04T15:37:23 IST" name="maindata" finished-at="2024-09-04T15:37:44 IST" duration-ms="20636" status="PASS">
          <reporter-output>
          </reporter-output>
        </test-method> <!-- maindata -->
      </class> <!-- mainPage.Endtoend -->
    </test> <!-- Test -->
  </suite> <!-- Suite -->
</testng-results>
